<?xml version="1.0" encoding="UTF-8"?>
<!-- Generated by org.testng.reporters.JUnitXMLReporter -->
<testsuite ignored="1" hostname="DESKTOP-O5MDK6V" failures="2" tests="13" name="Test1" time="7.379" errors="0" timestamp="2022-07-04T13:59:10 IST">
  <testcase classname="TestNg.NewTestng" name="f" time="0.011"/>
  <testcase classname="TestNg.NewTestngclass2" name="f" time="0.004"/>
  <testcase classname="TestNg.NewTestngclass2" name="f2" time="0.008"/>
  <testcase classname="TestNg.AttributesCheck" name="fees" time="0.009">
    <failure type="java.lang.AssertionError" message="expected [true] but found [false]">
      <![CDATA[java.lang.AssertionError: expected [true] but found [false]
at TestNg.AttributesCheck.fees(AttributesCheck.java:22)
at java.base/java.util.ArrayList.forEach(ArrayList.java:1511)
at java.base/java.util.concurrent.FutureTask.run(FutureTask.java:264)
at java.base/java.util.concurrent.ThreadPoolExecutor.runWorker(ThreadPoolExecutor.java:1136)
at java.base/java.util.concurrent.ThreadPoolExecutor$Worker.run(ThreadPoolExecutor.java:635)
at java.base/java.lang.Thread.run(Thread.java:833)
... Removed 22 stack frames]]>
    </failure>
  </testcase> <!-- fees -->
  <testcase classname="TestNg.AttributesCheck" name="admission" time="0.0">
    <skipped/>
  </testcase> <!-- admission -->
  <testcase classname="TestNg.AttributesCheck" name="m2" time="7.007">
    <failure type="org.testng.internal.thread.ThreadTimeoutException" message="Method TestNg.AttributesCheck.m2() didn&amp;apos;t finish within the time-out 7000">
      <![CDATA[org.testng.internal.thread.ThreadTimeoutException: Method TestNg.AttributesCheck.m2() didn't finish within the time-out 7000
at java.base/java.util.ArrayList.forEach(ArrayList.java:1511)
at java.base/java.util.concurrent.FutureTask.run(FutureTask.java:264)
at java.base/java.util.concurrent.ThreadPoolExecutor.runWorker(ThreadPoolExecutor.java:1136)
at java.base/java.util.concurrent.ThreadPoolExecutor$Worker.run(ThreadPoolExecutor.java:635)
at java.base/java.lang.Thread.run(Thread.java:833)
... Removed 15 stack frames]]>
    </failure>
  </testcase> <!-- m2 -->
  <testcase classname="TestNg.AttributesCheck" name="m3" time="0.007"/>
  <testcase classname="TestNg.AttributesCheck" name="repeat" time="0.006"/>
  <testcase classname="TestNg.AttributesCheck" name="repeat" time="0.006"/>
  <testcase classname="TestNg.AttributesCheck" name="repeat" time="0.021"/>
  <testcase classname="TestNg.PriorityTests" name="Registration" time="0.021"/>
  <testcase classname="TestNg.PriorityTests" name="FeesPaid" time="0.007"/>
  <testcase classname="TestNg.PriorityTests" name="Admission" time="0.005"/>
  <testcase classname="TestNg.AttributesCheck" name="m" time="0.0">
    <ignored/>
  </testcase> <!-- m -->
</testsuite> <!-- Test1 -->
